* using log directory ‘/Users/me/h2oai/code/h2o-3/h2o-r/ensemble/h2oEnsemble-package.Rcheck’
* using R version 3.2.0 (2015-04-16)
* using platform: x86_64-apple-darwin13.4.0 (64-bit)
* using session charset: UTF-8
* checking for file ‘h2oEnsemble-package/DESCRIPTION’ ... OK
* checking extension type ... Package
* this is package ‘h2oEnsemble’ version ‘0.0.4’
* checking package namespace information ... OK
* checking package dependencies ... OK
* checking if this is a source package ... OK
* checking if there is a namespace ... OK
* checking for executable files ... OK
* checking for hidden files and directories ... NOTE
Found the following hidden files and directories:
  .DS_Store
  R/.Rapp.history
  man/.Rapp.history
These were most likely included in error. See section ‘Package
structure’ in the ‘Writing R Extensions’ manual.
* checking for portable file names ... OK
* checking for sufficient/correct file permissions ... OK
* checking whether package ‘h2oEnsemble’ can be installed ... OK
* checking installed package size ... OK
* checking package directory ... OK
* checking DESCRIPTION meta-information ... OK
* checking top-level files ... OK
* checking for left-over files ... OK
* checking index information ... OK
* checking package subdirectories ... OK
* checking R files for non-ASCII characters ... OK
* checking R files for syntax errors ... OK
* checking whether the package can be loaded ... OK
* checking whether the package can be loaded with stated dependencies ... OK
* checking whether the package can be unloaded cleanly ... OK
* checking whether the namespace can be loaded with stated dependencies ... OK
* checking whether the namespace can be unloaded cleanly ... OK
* checking dependencies in R code ... WARNING
'library' or 'require' call not declared from: ‘parallel’
'library' or 'require' call to ‘parallel’ in package code.
  Please use :: or requireNamespace() instead.
  See section 'Suggested packages' in the 'Writing R Extensions' manual.
Package in Depends field not imported from: ‘h2o’
  These packages need to be imported from (in the NAMESPACE file)
  for when this namespace is loaded but not attached.
* checking S3 generic/method consistency ... WARNING
predict:
  function(object, ...)
predict.h2o.ensemble:
  function(object, newdata)

See section ‘Generic functions and methods’ in the ‘Writing R
Extensions’ manual.
* checking replacement functions ... OK
* checking foreign function calls ... OK
* checking R code for possible problems ... NOTE
.cvFun: no visible global function definition for ‘h2o.assign’
.cvFun: no visible global function definition for ‘h2o.predict’
.make_Z: no visible global function definition for ‘parSapply’
.make_Z: no visible global function definition for ‘makeCluster’
.make_Z: no visible global function definition for ‘detectCores’
.make_Z: no visible global function definition for ‘stopCluster’
h2o.deeplearning.wrapper: no visible global function definition for
  ‘h2o.deeplearning’
h2o.ensemble: no visible global function definition for ‘h2o.getFrame’
h2o.ensemble: no visible global function definition for ‘as.h2o’
h2o.ensemble: no visible binding for global variable ‘localH2O’
h2o.ensemble: no visible global function definition for ‘parSapply’
h2o.ensemble: no visible global function definition for ‘makeCluster’
h2o.ensemble: no visible global function definition for ‘detectCores’
h2o.ensemble: no visible global function definition for ‘stopCluster’
h2o.gbm.wrapper: no visible global function definition for ‘h2o.gbm’
h2o.glm.wrapper: no visible binding for global variable
  ‘training_frame’
h2o.glm.wrapper: no visible global function definition for ‘h2o.glm’
h2o.randomForest.wrapper: no visible global function definition for
  ‘h2o.randomForest’
predict.h2o.ensemble: no visible global function definition for
  ‘as.h2o’
predict.h2o.ensemble: no visible binding for global variable ‘localH2O’
predict.h2o.ensemble: no visible global function definition for
  ‘h2o.predict’
* checking Rd files ... WARNING
h2o.ensemble.Rd: non-ASCII input and no declared encoding
h2oEnsemble-package.Rd: non-ASCII input and no declared encoding
problems found in ‘h2o.ensemble.Rd’, ‘h2oEnsemble-package.Rd’
* checking Rd metadata ... OK
* checking Rd cross-references ... WARNING
Missing link or links in documentation object 'h2o.example.wrapper.Rd':
  ‘H2OParsedData-class’ ‘[h2oEnsemble::h2o.ensemble]{h2o.ensemble}’

Missing link or links in documentation object 'predict.h2o.ensemble.Rd':
  ‘H2OParsedData-class’

See section 'Cross-references' in the 'Writing R Extensions' manual.

* checking for missing documentation entries ... OK
* checking for code/documentation mismatches ... WARNING
Functions or methods with usage in documentation object 'h2o.example.wrapper' but not in code:
  h2o.example.wrapper

Codoc mismatches from documentation object 'h2o.ensemble':
h2o.ensemble
  Code: function(x, y, training_frame, model_id = "", validation_frame
                 = NULL, family = c("AUTO", "gaussian", "binomial"),
                 type = c("superlearner", "subsemble", "bagging",
                 "topmodel"), learner = c("h2o.glm.wrapper",
                 "h2o.randomForest.wrapper", "h2o.gbm.wrapper",
                 "h2o.deeplearning.wrapper"), metalearner =
                 "h2o.glm.wrapper", cvControl = list(V = 5, shuffle =
                 TRUE), seed = 1, parallel = "seq", ...)
  Docs: function(x, y, training_frame, family = "binomial", model_id =
                 "", validation_frame = NULL, type = "superlearner",
                 learner = c("h2o.glm.wrapper",
                 "h2o.randomForest.wrapper", "h2o.gbm.wrapper",
                 "h2o.deeplearning.wrapper"), metalearner =
                 "h2o.glm.wrapper", cvControl = list(V = 5, shuffle =
                 TRUE), seed = 1, parallel = "seq")
  Argument names in code not in docs:
    ...
  Mismatches in argument names:
    Position: 4 Code: model_id Docs: family
    Position: 5 Code: validation_frame Docs: model_id
    Position: 6 Code: family Docs: validation_frame
  Mismatches in argument default values:
    Name: 'family' Code: c("AUTO", "gaussian", "binomial") Docs: "binomial"
    Name: 'type' Code: c("superlearner", "subsemble", "bagging", "topmodel") Docs: "superlearner"

* checking Rd \usage sections ... WARNING
Undocumented arguments in documentation object 'h2o.example.wrapper'
  ‘...’
Objects in \usage without \alias in documentation object 'h2o.example.wrapper':
  ‘h2o.example.wrapper’

Functions with \usage entries need to have the appropriate \alias
entries, and all their arguments documented.
The \usage entries must correspond to syntactically valid R code.
See chapter ‘Writing R documentation files’ in the ‘Writing R
Extensions’ manual.
* checking Rd contents ... OK
* checking for unstated dependencies in examples ... WARNING
Warning: parse error in file 'h2oEnsemble-Ex.R':
102:5: unexpected symbol
101: 
102: See h2o.ensemble
         ^
* checking examples ... ERROR
Running examples in ‘h2oEnsemble-Ex.R’ failed
The error most likely occurred in:

> ### Name: h2oEnsemble-package
> ### Title: H2O Ensemble Package
> ### Aliases: h2oEnsemble-package h2oEnsemble
> ### Keywords: models
> 
> ### ** Examples
> 
> See h2o.ensemble for examples.
Error: unexpected symbol in "See h2o.ensemble"
Execution halted
* checking PDF version of manual ... WARNING
LaTeX errors when creating PDF version.
This typically indicates Rd problems.
* checking PDF version of manual without hyperrefs or index ... ERROR
Re-running with no redirection of stdout/stderr.
* DONE
Status: 2 ERRORs, 8 WARNINGs, 2 NOTEs
